0 info it worked if it ends with ok
1 verbose cli [ 'C:\\Program Files\\nodejs\\node.exe',
1 verbose cli   'C:\\Program Files\\nodejs\\node_modules\\npm\\bin\\npm-cli.js',
1 verbose cli   'start' ]
2 info using npm@3.10.10
3 info using node@v6.11.0
4 verbose run-script [ 'prestart', 'start', 'poststart' ]
5 info lifecycle pizza-luvrs@1.0.0~prestart: pizza-luvrs@1.0.0
6 silly lifecycle pizza-luvrs@1.0.0~prestart: no script for prestart, continuing
7 info lifecycle pizza-luvrs@1.0.0~start: pizza-luvrs@1.0.0
8 verbose lifecycle pizza-luvrs@1.0.0~start: unsafe-perm in lifecycle true
9 verbose lifecycle pizza-luvrs@1.0.0~start: PATH: C:\Program Files\nodejs\node_modules\npm\bin\node-gyp-bin;C:\Users\claflamme\OneDrive\Source\JS\pizza-luvrs\node_modules\.bin;C:\dev\tools\bin;C:\dev\tools\vendor\conemu-maximus5\ConEmu\Scripts;C:\dev\tools\vendor\conemu-maximus5;C:\dev\tools\vendor\conemu-maximus5\ConEmu;C:\RailsInstaller\Git\cmd;C:\RailsInstaller\Ruby2.3.0\bin;C:\dev\tools\terraform;C:\Program Files\nodejs\node.exe;C:\Python34\python.exe;C:\Program Files\Java\jdk1.8.0_131\bin;C:\dev\tools\apache-maven-3.5.0\bin;C:\ProgramData\Oracle\Java\javapath;C:\Program Files\CollabNet\Subversion Client;C:\WINDOWS\system32;C:\WINDOWS;C:\WINDOWS\System32\Wbem;C:\WINDOWS\System32\WindowsPowerShell\v1.0\;C:\Program Files\Microsoft\Web Platform Installer\;C:\Program Files (x86)\Microsoft ASP.NET\ASP.NET Web Pages\v1.0\;C:\Program Files\TortoiseSVN\bin;C:\Windows\Microsoft.NET\Framework64\v4.0.30319;C:\Windows\Microsoft.NET\Framework\v4.0.30319;C:\Windows\Microsoft.NET\Framework64\v3.5;C:\Windows\Microsoft.NET\Framework\v3.5;C:\vp\playpens\development\subversion\LocalScripts;C:\Program Files (x86)\Microsoft Visual Studio 10.0\Common7\Tools;C:\Program Files (x86)\Microsoft Visual Studio 10.0\VC\VCPackages;C:\Program Files (x86)\Microsoft Visual Studio 10.0\VC\BIN\amd64;C:\Program Files (x86)\Microsoft Visual Studio 10.0\VC\BIN\x86_amd64;C:\vp\devenv\ps;C:\vp\devenv\bin;C:\Program Files\Microsoft SQL Server\Client SDK\ODBC\110\Tools\Binn\;C:\Program Files (x86)\Microsoft SQL Server\120\Tools\Binn\ManagementStudio\;C:\Program Files (x86)\Microsoft SQL Server\120\Tools\Binn\;C:\Program Files\Microsoft SQL Server\120\Tools\Binn\;C:\Program Files (x86)\Microsoft SQL Server\120\DTS\Binn\;C:\Program Files\Microsoft SQL Server\120\DTS\Binn\;C:\Program Files (x86)\Microsoft SDKs\TypeScript\1.0\;C:\Users\claflamme\.dnx\bin;C:\Program Files\Microsoft DNX\Dnvm\;C:\Program Files\Microsoft SQL Server\130\Tools\Binn\;C:\Program Files\Mercurial\;C:\Program Files\TortoiseGit\bin;C:\Program Files\Git\cmd;C:\Program Files\PuTTY\;C:\Program Files\dotnet\;C:\Program Files\nodejs;C:\dev\tools\geckodriver.exe;C:\Program Files\nodejs\;C:\Program Files\Amazon\AWSCLI\;C:\Program Files (x86)\Brackets\command;C:\Program Files (x86)\Sennheiser\SoftphoneSDK\;C:\Python34\python.exe;C:\Users\claflamme\AppData\Local\Programs\Python\Python36-32\;C:\dev\tools\gradle\bin;C:\Program Files\Java\jre1.8.0_101\bin;C:\Program Files\Docker Toolbox;C:\Program Files (x86)\Microsoft VS Code\bin;C:\Users\claflamme\AppData\Local\atom\bin;C:\dev\tools\geckodriver.exe;C:\Users\claflamme\AppData\Roaming\npm;C:\dev\tools\terraform;C:\RailsInstaller\Git\usr\bin;C:\RailsInstaller\Git\usr\share\vim\vim74;C:\dev\tools\
10 verbose lifecycle pizza-luvrs@1.0.0~start: CWD: C:\Users\claflamme\OneDrive\Source\JS\pizza-luvrs
11 silly lifecycle pizza-luvrs@1.0.0~start: Args: [ '/d /s /c', 'node index.js' ]
12 silly lifecycle pizza-luvrs@1.0.0~start: Returned: code: 1  signal: null
13 info lifecycle pizza-luvrs@1.0.0~start: Failed to exec start script
14 verbose stack Error: pizza-luvrs@1.0.0 start: `node index.js`
14 verbose stack Exit status 1
14 verbose stack     at EventEmitter.<anonymous> (C:\Program Files\nodejs\node_modules\npm\lib\utils\lifecycle.js:255:16)
14 verbose stack     at emitTwo (events.js:106:13)
14 verbose stack     at EventEmitter.emit (events.js:191:7)
14 verbose stack     at ChildProcess.<anonymous> (C:\Program Files\nodejs\node_modules\npm\lib\utils\spawn.js:40:14)
14 verbose stack     at emitTwo (events.js:106:13)
14 verbose stack     at ChildProcess.emit (events.js:191:7)
14 verbose stack     at maybeClose (internal/child_process.js:891:16)
14 verbose stack     at Process.ChildProcess._handle.onexit (internal/child_process.js:226:5)
15 verbose pkgid pizza-luvrs@1.0.0
16 verbose cwd C:\Users\claflamme\OneDrive\Source\JS\pizza-luvrs
17 error Windows_NT 6.1.7601
18 error argv "C:\\Program Files\\nodejs\\node.exe" "C:\\Program Files\\nodejs\\node_modules\\npm\\bin\\npm-cli.js" "start"
19 error node v6.11.0
20 error npm  v3.10.10
21 error code ELIFECYCLE
22 error pizza-luvrs@1.0.0 start: `node index.js`
22 error Exit status 1
23 error Failed at the pizza-luvrs@1.0.0 start script 'node index.js'.
23 error Make sure you have the latest version of node.js and npm installed.
23 error If you do, this is most likely a problem with the pizza-luvrs package,
23 error not with npm itself.
23 error Tell the author that this fails on your system:
23 error     node index.js
23 error You can get information on how to open an issue for this project with:
23 error     npm bugs pizza-luvrs
23 error Or if that isn't available, you can get their info via:
23 error     npm owner ls pizza-luvrs
23 error There is likely additional logging output above.
24 verbose exit [ 1, true ]
